<?xml version="1.0" encoding="UTF-8"?>
<!-- Generated by org.testng.reporters.JUnitReportReporter -->
<testsuite hostname="yashpal-Latitude-5490" failures="0" tests="1" name="demo.DemoWebShop_Test" time="2.136" errors="0" timestamp="2022-02-08T12:04:36 IST" skipped="0">
  <testcase classname="demo.DemoWebShop_Test" name="login" time="2.136"/>
  <system-out/>
</testsuite> <!-- demo.DemoWebShop_Test -->
